# JRE version: OpenJDK Runtime Environment (8.0_112-b06) (build 1.8.0_112-release-b06)
# Java VM: OpenJDK 64-Bit Server VM (25.112-b06 mixed mode windows-amd64 compressed oops)
Heap:
 PSYoungGen      total 169984K, used 40457K [0x00000000e0000000, 0x00000000ec700000, 0x0000000100000000)
  eden space 159744K, 19% used [0x00000000e0000000,0x00000000e1ddda10,0x00000000e9c00000)
  from space 10240K, 96% used [0x00000000ea100000,0x00000000eaaa4b30,0x00000000eab00000)
  to   space 22016K, 0% used [0x00000000eb180000,0x00000000eb180000,0x00000000ec700000)
 ParOldGen       total 148480K, used 45541K [0x00000000a0000000, 0x00000000a9100000, 0x00000000e0000000)
  object space 148480K, 30% used [0x00000000a0000000,0x00000000a2c797a8,0x00000000a9100000)
 Metaspace       used 62977K, capacity 65630K, committed 65880K, reserved 1105920K
  class space    used 8447K, capacity 8970K, committed 9088K, reserved 1048576K
GC Heap History (10 events):
Event: 22.232 GC heap before
{Heap before GC invocations=14 (full 2):
 PSYoungGen      total 110592K, used 110585K [0x00000000e0000000, 0x00000000e9d00000, 0x0000000100000000)
  eden space 99328K, 100% used [0x00000000e0000000,0x00000000e6100000,0x00000000e6100000)
  from space 11264K, 99% used [0x00000000e6100000,0x00000000e6bfe500,0x00000000e6c00000)
  to   space 13824K, 0% used [0x00000000e8f80000,0x00000000e8f80000,0x00000000e9d00000)
 ParOldGen       total 86528K, used 17233K [0x00000000a0000000, 0x00000000a5480000, 0x00000000e0000000)
  object space 86528K, 19% used [0x00000000a0000000,0x00000000a10d45f8,0x00000000a5480000)
 Metaspace       used 49521K, capacity 51120K, committed 51328K, reserved 1093632K
  class space    used 6788K, capacity 7184K, committed 7296K, reserved 1048576K
Event: 22.283 GC heap after
Heap after GC invocations=14 (full 2):
 PSYoungGen      total 142848K, used 13795K [0x00000000e0000000, 0x00000000ea480000, 0x0000000100000000)
  eden space 129024K, 0% used [0x00000000e0000000,0x00000000e0000000,0x00000000e7e00000)
  from space 13824K, 99% used [0x00000000e8f80000,0x00000000e9cf8c98,0x00000000e9d00000)
  to   space 17920K, 0% used [0x00000000e7e00000,0x00000000e7e00000,0x00000000e8f80000)
 ParOldGen       total 86528K, used 24594K [0x00000000a0000000, 0x00000000a5480000, 0x00000000e0000000)
  object space 86528K, 28% used [0x00000000a0000000,0x00000000a1804a60,0x00000000a5480000)
 Metaspace       used 49521K, capacity 51120K, committed 51328K, reserved 1093632K
  class space    used 6788K, capacity 7184K, committed 7296K, reserved 1048576K
}
Event: 28.534 GC heap before
{Heap before GC invocations=15 (full 2):
 PSYoungGen      total 142848K, used 142819K [0x00000000e0000000, 0x00000000ea480000, 0x0000000100000000)
  eden space 129024K, 100% used [0x00000000e0000000,0x00000000e7e00000,0x00000000e7e00000)
  from space 13824K, 99% used [0x00000000e8f80000,0x00000000e9cf8c98,0x00000000e9d00000)
  to   space 17920K, 0% used [0x00000000e7e00000,0x00000000e7e00000,0x00000000e8f80000)
 ParOldGen       total 86528K, used 24594K [0x00000000a0000000, 0x00000000a5480000, 0x00000000e0000000)
  object space 86528K, 28% used [0x00000000a0000000,0x00000000a1804a60,0x00000000a5480000)
 Metaspace       used 53585K, capacity 55864K, committed 55936K, reserved 1097728K
  class space    used 7297K, capacity 7795K, committed 7808K, reserved 1048576K
Event: 28.583 GC heap after
Heap after GC invocations=15 (full 2):
 PSYoungGen      total 146944K, used 17918K [0x00000000e0000000, 0x00000000ed380000, 0x0000000100000000)
  eden space 129024K, 0% used [0x00000000e0000000,0x00000000e0000000,0x00000000e7e00000)
  from space 17920K, 99% used [0x00000000e7e00000,0x00000000e8f7fb18,0x00000000e8f80000)
  to   space 23552K, 0% used [0x00000000ebc80000,0x00000000ebc80000,0x00000000ed380000)
 ParOldGen       total 86528K, used 33230K [0x00000000a0000000, 0x00000000a5480000, 0x00000000e0000000)
  object space 86528K, 38% used [0x00000000a0000000,0x00000000a2073b98,0x00000000a5480000)
 Metaspace       used 53585K, capacity 55864K, committed 55936K, reserved 1097728K
  class space    used 7297K, capacity 7795K, committed 7808K, reserved 1048576K
}
Event: 50.321 GC heap before
{Heap before GC invocations=16 (full 2):
 PSYoungGen      total 146944K, used 83424K [0x00000000e0000000, 0x00000000ed380000, 0x0000000100000000)
  eden space 129024K, 50% used [0x00000000e0000000,0x00000000e3ff8510,0x00000000e7e00000)
  from space 17920K, 99% used [0x00000000e7e00000,0x00000000e8f7fb18,0x00000000e8f80000)
  to   space 23552K, 0% used [0x00000000ebc80000,0x00000000ebc80000,0x00000000ed380000)
 ParOldGen       total 86528K, used 33230K [0x00000000a0000000, 0x00000000a5480000, 0x00000000e0000000)
  object space 86528K, 38% used [0x00000000a0000000,0x00000000a2073b98,0x00000000a5480000)
 Metaspace       used 56516K, capacity 58850K, committed 59096K, reserved 1099776K
  class space    used 7669K, capacity 8162K, committed 8192K, reserved 1048576K
Event: 50.366 GC heap after
Heap after GC invocations=16 (full 2):
 PSYoungGen      total 182784K, used 7008K [0x00000000e0000000, 0x00000000ece00000, 0x0000000100000000)
  eden space 164864K, 0% used [0x00000000e0000000,0x00000000e0000000,0x00000000ea100000)
  from space 17920K, 39% used [0x00000000ebc80000,0x00000000ec358000,0x00000000ece00000)
  to   space 23040K, 0% used [0x00000000ea100000,0x00000000ea100000,0x00000000eb780000)
 ParOldGen       total 86528K, used 49777K [0x00000000a0000000, 0x00000000a5480000, 0x00000000e0000000)
  object space 86528K, 57% used [0x00000000a0000000,0x00000000a309c6b0,0x00000000a5480000)
 Metaspace       used 56516K, capacity 58850K, committed 59096K, reserved 1099776K
  class space    used 7669K, capacity 8162K, committed 8192K, reserved 1048576K
}
Event: 50.366 GC heap before
{Heap before GC invocations=17 (full 3):
 PSYoungGen      total 182784K, used 7008K [0x00000000e0000000, 0x00000000ece00000, 0x0000000100000000)
  eden space 164864K, 0% used [0x00000000e0000000,0x00000000e0000000,0x00000000ea100000)
  from space 17920K, 39% used [0x00000000ebc80000,0x00000000ec358000,0x00000000ece00000)
  to   space 23040K, 0% used [0x00000000ea100000,0x00000000ea100000,0x00000000eb780000)
 ParOldGen       total 86528K, used 49777K [0x00000000a0000000, 0x00000000a5480000, 0x00000000e0000000)
  object space 86528K, 57% used [0x00000000a0000000,0x00000000a309c6b0,0x00000000a5480000)
 Metaspace       used 56516K, capacity 58850K, committed 59096K, reserved 1099776K
  class space    used 7669K, capacity 8162K, committed 8192K, reserved 1048576K
Event: 50.713 GC heap after
Heap after GC invocations=17 (full 3):
 PSYoungGen      total 182784K, used 0K [0x00000000e0000000, 0x00000000ece00000, 0x0000000100000000)
  eden space 164864K, 0% used [0x00000000e0000000,0x00000000e0000000,0x00000000ea100000)
  from space 17920K, 0% used [0x00000000ebc80000,0x00000000ebc80000,0x00000000ece00000)
  to   space 23040K, 0% used [0x00000000ea100000,0x00000000ea100000,0x00000000eb780000)
 ParOldGen       total 148480K, used 45533K [0x00000000a0000000, 0x00000000a9100000, 0x00000000e0000000)
  object space 148480K, 30% used [0x00000000a0000000,0x00000000a2c777a8,0x00000000a9100000)
 Metaspace       used 56515K, capacity 58844K, committed 59096K, reserved 1099776K
  class space    used 7669K, capacity 8161K, committed 8192K, reserved 1048576K
}
Event: 1362.069 GC heap before
{Heap before GC invocations=18 (full 3):
 PSYoungGen      total 182784K, used 164864K [0x00000000e0000000, 0x00000000ece00000, 0x0000000100000000)
  eden space 164864K, 100% used [0x00000000e0000000,0x00000000ea100000,0x00000000ea100000)
  from space 17920K, 0% used [0x00000000ebc80000,0x00000000ebc80000,0x00000000ece00000)
  to   space 23040K, 0% used [0x00000000ea100000,0x00000000ea100000,0x00000000eb780000)
 ParOldGen       total 148480K, used 45533K [0x00000000a0000000, 0x00000000a9100000, 0x00000000e0000000)
  object space 148480K, 30% used [0x00000000a0000000,0x00000000a2c777a8,0x00000000a9100000)
 Metaspace       used 58947K, capacity 61480K, committed 61656K, reserved 1101824K
  class space    used 7924K, capacity 8445K, committed 8448K, reserved 1048576K
Event: 1362.118 GC heap after
Heap after GC invocations=18 (full 3):
 PSYoungGen      total 169984K, used 9874K [0x00000000e0000000, 0x00000000ec700000, 0x0000000100000000)
  eden space 159744K, 0% used [0x00000000e0000000,0x00000000e0000000,0x00000000e9c00000)
  from space 10240K, 96% used [0x00000000ea100000,0x00000000eaaa4b30,0x00000000eab00000)
  to   space 22016K, 0% used [0x00000000eb180000,0x00000000eb180000,0x00000000ec700000)
 ParOldGen       total 148480K, used 45541K [0x00000000a0000000, 0x00000000a9100000, 0x00000000e0000000)
  object space 148480K, 30% used [0x00000000a0000000,0x00000000a2c797a8,0x00000000a9100000)
 Metaspace       used 58947K, capacity 61480K, committed 61656K, reserved 1101824K
  class space    used 7924K, capacity 8445K, committed 8448K, reserved 1048576K
}

